<?xml version="1.0" encoding="UTF-8"?>
<!-- Generated by org.testng.reporters.JUnitReportReporter -->
<testsuite hostname="LAPTOP-UL4VISUC" failures="0" tests="1" name="TestCases.TC01_Skills" time="35.499" errors="0" timestamp="2024-07-05T17:03:12 IST" skipped="0">
  <testcase classname="TestCases.TC01_Skills" name="SkillsTest" time="35.499"/>
</testsuite> <!-- TestCases.TC01_Skills -->
